<?xml version="1.0" encoding="UTF-8"?>
<!-- Generated by org.testng.reporters.JUnitReportReporter -->
<testsuite hostname="MBGNW0455" failures="0" tests="1" name="signup.FirstTaskTest" time="51.123" errors="0" timestamp="27 март 2023 13:07:22 GMT" skipped="0">
  <testcase classname="signup.FirstTaskTest" name="testFirstTask" time="51.123"/>
</testsuite> <!-- signup.FirstTaskTest -->
